0 info it worked if it ends with ok
1 verbose cli [ '/usr/bin/node', '/usr/bin/npm', 'install', 'angular-offline' ]
2 info using npm@6.4.1
3 info using node@v10.11.0
4 verbose npm-session 66c01d503fc22efb
5 silly install loadCurrentTree
6 silly install readGlobalPackageData
7 http fetch GET 200 https://registry.npmjs.org/angular-offline 510ms
8 silly pacote tag manifest for angular-offline@latest fetched in 533ms
9 timing stage:loadCurrentTree Completed in 813ms
10 silly install loadIdealTree
11 silly install cloneCurrentTreeToIdealTree
12 timing stage:loadIdealTree:cloneCurrentTree Completed in 0ms
13 silly install loadShrinkwrap
14 timing stage:loadIdealTree:loadShrinkwrap Completed in 1ms
15 silly install loadAllDepsIntoIdealTree
16 silly resolveWithNewModule angular-offline@0.1.0 checking installable status
17 timing stage:loadIdealTree:loadAllDepsIntoIdealTree Completed in 6ms
18 timing stage:loadIdealTree Completed in 8ms
19 silly currentTree lib
20 silly idealTree lib
20 silly idealTree └── angular-offline@0.1.0
21 silly install generateActionsToTake
22 timing stage:generateActionsToTake Completed in 5ms
23 silly diffTrees action count 1
24 silly diffTrees add angular-offline@0.1.0
25 silly decomposeActions action count 8
26 silly decomposeActions fetch angular-offline@0.1.0
27 silly decomposeActions extract angular-offline@0.1.0
28 silly decomposeActions preinstall angular-offline@0.1.0
29 silly decomposeActions build angular-offline@0.1.0
30 silly decomposeActions install angular-offline@0.1.0
31 silly decomposeActions postinstall angular-offline@0.1.0
32 silly decomposeActions finalize angular-offline@0.1.0
33 silly decomposeActions refresh-package-json angular-offline@0.1.0
34 silly install executeActions
35 silly doSerial global-install 8
36 verbose correctMkdir /root/.npm/_locks correctMkdir not in flight; initializing
37 verbose lock using /root/.npm/_locks/staging-a072192f34a17023.lock for /usr/lib/node_modules/.staging
38 silly doParallel extract 1
39 silly extract angular-offline@0.1.0
40 silly tarball trying angular-offline@latest by hash: sha1-JfcUnaaGlqE7j7Sq7udASzxv6Cs=
41 silly tarball no local data for angular-offline@latest. Extracting by manifest.
42 http fetch GET 200 https://registry.npmjs.org/angular-offline/-/angular-offline-0.1.0.tgz 422ms
43 silly extract angular-offline@latest extracted to /usr/lib/node_modules/.staging/angular-offline-eba9402e (432ms)
44 timing action:extract Completed in 435ms
45 silly doReverseSerial unbuild 8
46 silly doSerial remove 8
47 silly doSerial move 8
48 silly doSerial finalize 8
49 silly finalize /usr/lib/node_modules/angular-offline
50 timing action:finalize Completed in 3ms
51 silly doParallel refresh-package-json 1
52 silly refresh-package-json /usr/lib/node_modules/angular-offline
53 timing action:refresh-package-json Completed in 13ms
54 silly doParallel preinstall 1
55 silly preinstall angular-offline@0.1.0
56 info lifecycle angular-offline@0.1.0~preinstall: angular-offline@0.1.0
57 timing action:preinstall Completed in 1ms
58 silly doSerial build 8
59 silly build angular-offline@0.1.0
60 info linkStuff angular-offline@0.1.0
61 silly linkStuff angular-offline@0.1.0 has /usr/lib/node_modules as its parent node_modules
62 silly linkStuff angular-offline@0.1.0 is part of a global install
63 silly linkStuff angular-offline@0.1.0 is installed into a global node_modules
64 silly linkStuff angular-offline@0.1.0 is installed into the top-level global node_modules
65 timing action:build Completed in 1ms
66 silly doSerial global-link 8
67 silly doParallel update-linked 0
68 silly doSerial install 8
69 silly install angular-offline@0.1.0
70 info lifecycle angular-offline@0.1.0~install: angular-offline@0.1.0
71 verbose lifecycle angular-offline@0.1.0~install: unsafe-perm in lifecycle false
72 verbose lifecycle angular-offline@0.1.0~install: PATH: /usr/lib/node_modules/npm/node_modules/npm-lifecycle/node-gyp-bin:/usr/lib/node_modules/angular-offline/node_modules/.bin:/usr/lib/node_modules/.bin:/usr/local/sbin:/usr/local/bin:/usr/sbin:/usr/bin:/root/bin
73 verbose lifecycle angular-offline@0.1.0~install: CWD: /usr/lib/node_modules/angular-offline
74 silly lifecycle angular-offline@0.1.0~install: Args: [ '-c', 'bower install' ]
75 info lifecycle angular-offline@0.1.0~install: Failed to exec install script
76 timing action:install Completed in 16ms
77 verbose unlock done using /root/.npm/_locks/staging-a072192f34a17023.lock for /usr/lib/node_modules/.staging
78 timing stage:rollbackFailedOptional Completed in 4ms
79 timing stage:runTopLevelLifecycles Completed in 1307ms
80 verbose stack Error: angular-offline@0.1.0 install: `bower install`
80 verbose stack spawn ENOENT
80 verbose stack     at ChildProcess.<anonymous> (/usr/lib/node_modules/npm/node_modules/npm-lifecycle/lib/spawn.js:48:18)
80 verbose stack     at ChildProcess.emit (events.js:182:13)
80 verbose stack     at maybeClose (internal/child_process.js:962:16)
80 verbose stack     at Process.ChildProcess._handle.onexit (internal/child_process.js:251:5)
81 verbose pkgid angular-offline@0.1.0
82 verbose cwd /usr/lib
83 verbose Linux 3.10.0-862.14.4.el7.x86_64
84 verbose argv "/usr/bin/node" "/usr/bin/npm" "install" "angular-offline"
85 verbose node v10.11.0
86 verbose npm  v6.4.1
87 error file sh
88 error code ELIFECYCLE
89 error errno ENOENT
90 error syscall spawn
91 error angular-offline@0.1.0 install: `bower install`
91 error spawn ENOENT
92 error Failed at the angular-offline@0.1.0 install script.
92 error This is probably not a problem with npm. There is likely additional logging output above.
93 verbose exit [ 1, true ]
